<?xml version="1.0" encoding="UTF-8"?>
<!-- Generated by org.testng.reporters.JUnitXMLReporter -->
<testsuite ignored="2" hostname="ROHIT" failures="0" tests="1" name="Car Loan Test" time="0.007" errors="0" timestamp="2026-04-20T12:46:44 IST">
  <testcase classname="test.TestNG3" name="WebLoginCar" time="0.002"/>
  <testcase classname="test.TestNG3" name="MobileLoginCar" time="0.0">
    <ignored/>
  </testcase> <!-- MobileLoginCar -->
  <testcase classname="test.TestNG3" name="ApiLoginCar" time="0.0">
    <ignored/>
  </testcase> <!-- ApiLoginCar -->
</testsuite> <!-- Car Loan Test -->
