<?xml version="1.0" encoding="UTF-8"?>
<!-- Generated by org.testng.reporters.JUnitXMLReporter -->
<testsuite ignored="4" hostname="ROHIT" failures="0" tests="1" name="Car Loan Test" time="0.011" errors="0" timestamp="2026-04-22T18:58:42 IST">
  <testcase classname="test.TestNG3" name="WebLoginCar" time="0.004"/>
  <testcase classname="test.TestNG3" name="MobileLoginCar" time="0.0">
    <ignored/>
  </testcase> <!-- MobileLoginCar -->
  <testcase classname="test.TestNG3" name="MobileSignoutCar" time="0.0">
    <ignored/>
  </testcase> <!-- MobileSignoutCar -->
  <testcase classname="test.TestNG3" name="ApiLoginCar" time="0.0">
    <ignored/>
  </testcase> <!-- ApiLoginCar -->
  <testcase classname="test.TestNG3" name="MobileSigninCar" time="0.0">
    <ignored/>
  </testcase> <!-- MobileSigninCar -->
</testsuite> <!-- Car Loan Test -->
