<?xml version="1.0" encoding="UTF-8"?>
<!-- Generated by org.testng.reporters.JUnitXMLReporter -->
<testsuite ignored="0" hostname="ROHIT" failures="0" tests="3" name="Home Loan Test" time="0.027" errors="0" timestamp="2026-04-20T12:46:44 IST">
  <testcase classname="test.TestNG4" name="ApiLoginHome" time="0.003"/>
  <testcase classname="test.TestNG4" name="MobileLoginHome" time="0.004"/>
  <testcase classname="test.TestNG4" name="WebLoginHome" time="0.003"/>
</testsuite> <!-- Home Loan Test -->
