<?xml version="1.0" encoding="UTF-8"?>
<!-- Generated by org.testng.reporters.JUnitXMLReporter -->
<testsuite ignored="1" hostname="ROHIT" failures="0" tests="2" name="Home Loan Test" time="0.032" errors="0" timestamp="2026-04-24T10:07:36 IST">
  <testcase classname="test.TestNG4" name="ApiLoginHome" time="0.003"/>
  <testcase classname="test.TestNG4" name="WebLoginHome" time="0.003"/>
  <testcase classname="test.TestNG4" name="MobileLoginHome" time="0.0">
    <ignored/>
  </testcase> <!-- MobileLoginHome -->
</testsuite> <!-- Home Loan Test -->
