<?xml version="1.0" encoding="UTF-8"?>
<!-- Generated by org.testng.reporters.JUnitXMLReporter -->
<testsuite ignored="1" hostname="ROHIT" failures="0" tests="2" name="Personal Loan Test" time="0.11" errors="0" timestamp="2026-04-22T20:15:52 IST">
  <testcase classname="test.TestNG1" name="test1" time="0.016"/>
  <testcase classname="test.TestNG2" name="test2" time="0.011"/>
  <testcase classname="test.TestNG1" name="demo" time="0.0">
    <ignored/>
  </testcase> <!-- demo -->
</testsuite> <!-- Personal Loan Test -->
