<?xml version="1.0" encoding="UTF-8"?>
<!-- Generated by org.testng.reporters.JUnitXMLReporter -->
<testsuite ignored="1" hostname="ROHIT" failures="1" tests="2" name="Personal Loan Test" time="0.127" errors="0" timestamp="2026-04-24T09:33:11 IST">
  <testcase classname="test.TestNG1" name="test1" time="0.02"/>
  <testcase classname="test.TestNG2" name="test2" time="0.0">
    <failure type="org.testng.TestNGException" message="
Parameter &amp;apos;APIkey/username&amp;apos; is required by @Test on method test2 but has not been marked @Optional or defined
in C:\Users\mohan\OneDrive\Documents\Testing\TestNG\testng.xml">
      <![CDATA[org.testng.TestNGException: 
Parameter 'APIkey/username' is required by @Test on method test2 but has not been marked @Optional or defined
in C:\Users\mohan\OneDrive\Documents\Testing\TestNG\testng.xml
at java.base/java.util.ArrayList.forEach(ArrayList.java:1604)
... Removed 26 stack frames]]>
    </failure>
  </testcase> <!-- test2 -->
  <testcase classname="test.TestNG1" name="demo" time="0.0">
    <ignored/>
  </testcase> <!-- demo -->
</testsuite> <!-- Personal Loan Test -->
