<?xml version="1.0" encoding="UTF-8"?>
<!-- Generated by org.testng.reporters.JUnitXMLReporter -->
<testsuite ignored="8" hostname="ROHIT" failures="0" tests="3" name="Regression" time="0.148" errors="0" timestamp="2026-04-22T19:07:37 IST">
  <testcase classname="test.TestNG1" name="demo" time="0.028"/>
  <testcase classname="test.TestNG3" name="ApiLoginCar" time="0.004"/>
  <testcase classname="test.TestNG3" name="MobileSignoutCar" time="0.006"/>
  <testcase classname="test.TestNG4" name="ApiLoginHome" time="0.0">
    <ignored/>
  </testcase> <!-- ApiLoginHome -->
  <testcase classname="test.TestNG3" name="MobileSigninCar" time="0.0">
    <ignored/>
  </testcase> <!-- MobileSigninCar -->
  <testcase classname="test.TestNG4" name="WebLoginHome" time="0.0">
    <ignored/>
  </testcase> <!-- WebLoginHome -->
  <testcase classname="test.TestNG3" name="MobileLoginCar" time="0.0">
    <ignored/>
  </testcase> <!-- MobileLoginCar -->
  <testcase classname="test.TestNG2" name="test2" time="0.0">
    <ignored/>
  </testcase> <!-- test2 -->
  <testcase classname="test.TestNG4" name="MobileLoginHome" time="0.0">
    <ignored/>
  </testcase> <!-- MobileLoginHome -->
  <testcase classname="test.TestNG3" name="WebLoginCar" time="0.0">
    <ignored/>
  </testcase> <!-- WebLoginCar -->
  <testcase classname="test.TestNG1" name="test1" time="0.0">
    <ignored/>
  </testcase> <!-- test1 -->
</testsuite> <!-- Regression -->
