<?xml version="1.0" encoding="UTF-8"?>
<!-- Generated by org.testng.reporters.JUnitXMLReporter -->
<testsuite ignored="0" hostname="ROHIT" failures="0" tests="4" name="Default test" time="0.132" errors="0" timestamp="2026-04-24T08:17:12 IST">
  <testcase classname="test.TestNG3" name="MobileLoginCar" time="0.02"/>
  <testcase classname="test.TestNG3" name="MobileLoginCar" time="0.003"/>
  <testcase classname="test.TestNG3" name="MobileLoginCar" time="0.004"/>
  <testcase classname="test.TestNG3" name="WebLoginCar" time="0.006"/>
</testsuite> <!-- Default test -->
