<?xml version="1.0" encoding="UTF-8"?>
<testng-results ignored="0" total="3" passed="3" failed="0" skipped="0">
  <reporter-output>
  </reporter-output>
  <suite started-at="2026-04-20T11:39:29 IST" name="Suite" finished-at="2026-04-20T11:39:29 IST" duration-ms="113">
    <groups>
    </groups>
    <test started-at="2026-04-20T11:39:29 IST" name="Test" finished-at="2026-04-20T11:39:29 IST" duration-ms="113">
      <class name="test.TestNG2">
        <test-method signature="test2()[pri:0, instance:test.TestNG2@5be6e01c]" started-at="2026-04-20T11:39:29 IST" name="test2" finished-at="2026-04-20T11:39:29 IST" duration-ms="3" status="PASS">
          <reporter-output>
          </reporter-output>
        </test-method> <!-- test2 -->
      </class> <!-- test.TestNG2 -->
      <class name="test.TestNG1">
        <test-method signature="demo()[pri:0, instance:test.TestNG1@1b1473ab]" started-at="2026-04-20T11:39:29 IST" name="demo" finished-at="2026-04-20T11:39:29 IST" duration-ms="21" status="PASS">
          <reporter-output>
          </reporter-output>
        </test-method> <!-- demo -->
        <test-method signature="test1()[pri:0, instance:test.TestNG1@1b1473ab]" started-at="2026-04-20T11:39:29 IST" name="test1" finished-at="2026-04-20T11:39:29 IST" duration-ms="5" status="PASS">
          <reporter-output>
          </reporter-output>
        </test-method> <!-- test1 -->
      </class> <!-- test.TestNG1 -->
    </test> <!-- Test -->
  </suite> <!-- Suite -->
</testng-results>
