<?xml version="1.0" encoding="UTF-8"?>
<!-- Generated by org.testng.reporters.JUnitReportReporter -->
<testsuite hostname="ROHIT" failures="0" tests="3" name="test.TestNG4" time="0.007" errors="0" timestamp="2026-04-21T11:08:19 IST" skipped="0">
  <testcase classname="test.TestNG4" name="WebLoginHome" time="0.003"/>
  <testcase classname="test.TestNG4" name="ApiLoginHome" time="0.002"/>
  <testcase classname="test.TestNG4" name="MobileLoginHome" time="0.002"/>
</testsuite> <!-- test.TestNG4 -->
