<?xml version="1.0" encoding="UTF-8"?>
<!-- Generated by org.testng.reporters.JUnitReportReporter -->
<testsuite hostname="ROHIT" failures="0" tests="4" name="test.TestNG3" time="0.033" errors="0" timestamp="2026-04-24T08:17:12 IST" skipped="0">
  <testcase classname="test.TestNG3" name="MobileLoginCar" time="0.004"/>
  <testcase classname="test.TestNG3" name="WebLoginCar" time="0.006"/>
  <testcase classname="test.TestNG3" name="MobileLoginCar" time="0.003"/>
  <testcase classname="test.TestNG3" name="MobileLoginCar" time="0.020"/>
</testsuite> <!-- test.TestNG3 -->
