<?xml version="1.0" encoding="UTF-8"?>
<!-- Generated by org.testng.reporters.JUnitReportReporter -->
<testsuite hostname="ROHIT" failures="0" tests="5" name="test.TestNG3" time="0.011" errors="0" timestamp="2026-04-21T11:08:19 IST" skipped="0">
  <testcase classname="test.TestNG3" name="ApiLoginCar" time="0.003"/>
  <testcase classname="test.TestNG3" name="MobileSignoutCar" time="0.002"/>
  <testcase classname="test.TestNG3" name="MobileSigninCar" time="0.002"/>
  <testcase classname="test.TestNG3" name="WebLoginCar" time="0.002"/>
  <testcase classname="test.TestNG3" name="MobileLoginCar" time="0.002"/>
</testsuite> <!-- test.TestNG3 -->
